<?xml version="1.0" encoding="UTF-8"?>
<!-- Generated by org.testng.reporters.JUnitXMLReporter -->
<testsuite hostname="LAPTOP-4IBB4H2C" ignored="0" name="Default test" tests="4" failures="0" timestamp="28 Mar 2021 21:52:16 GMT" time="0.032" errors="0">
  <testcase name="prameterTestOne" time="0.007" classname="javatestNGProject.TestNgMavenExampleTest"/>
  <testcase name="prameterTestOne" time="0.001" classname="javatestNGProject.TestNgMavenExampleTest"/>
  <testcase name="prameterTestOne" time="0.001" classname="javatestNGProject.TestNgMavenExampleTest"/>
  <testcase name="prameterTestOne" time="0.001" classname="javatestNGProject.TestNgMavenExampleTest"/>
</testsuite> <!-- Default test -->
