<?xml version="1.0" encoding="UTF-8"?>
<!-- Generated by org.testng.reporters.JUnitXMLReporter -->
<testsuite hostname="LAPTOP-4IBB4H2C" ignored="0" name="Default test" tests="5" failures="0" timestamp="28 Mar 2021 22:26:43 GMT" time="0.036" errors="0">
  <testcase name="oneMoreTest" time="0.009" classname="javatestNGProject.TestNgMavenExampleTest"/>
  <testcase name="prameterTestOne" time="0.001" classname="javatestNGProject.TestNgMavenExampleTest"/>
  <testcase name="prameterTestOne" time="0.0" classname="javatestNGProject.TestNgMavenExampleTest"/>
  <testcase name="prameterTestOne" time="0.001" classname="javatestNGProject.TestNgMavenExampleTest"/>
  <testcase name="prameterTestOne" time="0.002" classname="javatestNGProject.TestNgMavenExampleTest"/>
</testsuite> <!-- Default test -->
