<?xml version="1.0" encoding="UTF-8"?>
<!-- Generated by org.testng.reporters.JUnitXMLReporter -->
<testsuite ignored="0" hostname="LAPTOP-4IBB4H2C" failures="0" tests="5" name="Parameter Test one" time="0.033" errors="0" timestamp="28 Mar 2021 22:27:41 GMT">
  <testcase classname="javatestNGProject.TestNgMavenExampleTest" name="prameterTestOne" time="0.003"/>
  <testcase classname="javatestNGProject.TestNgMavenExampleTest" name="prameterTestOne" time="0.0"/>
  <testcase classname="javatestNGProject.TestNgMavenExampleTest" name="prameterTestOne" time="0.0"/>
  <testcase classname="javatestNGProject.TestNgMavenExampleTest" name="prameterTestOne" time="0.0"/>
  <testcase classname="javatestNGProject.TestNgMavenExampleTest" name="oneMoreTest" time="0.0"/>
</testsuite> <!-- Parameter Test one -->
