<?xml version="1.0" encoding="UTF-8"?>
<testsuite xmlns:xsi="http://www.w3.org/2001/XMLSchema-instance" xsi:noNamespaceSchemaLocation="https://maven.apache.org/surefire/maven-surefire-plugin/xsd/surefire-test-report-3.0.xsd" version="3.0" name="TestSuite" time="0.867" tests="5" errors="0" skipped="0" failures="0">
  <properties>
[...]
</properties>
  <testcase name="prameterTestOne[TEstOne](1)" classname="javatestNGProject.TestNgMavenExampleTest" time="0.006">
    <system-out><![CDATA[Test one suite param is: TEstOne
null
]]></system-out>
  </testcase>
  <testcase name="prameterTestOne[TEstTwo](2)" classname="javatestNGProject.TestNgMavenExampleTest" time="0.002">
    <system-out><![CDATA[Test one suite param is: TEstTwo
null
]]></system-out>
  </testcase>
  <testcase name="prameterTestOne[TEstTHREE](3)" classname="javatestNGProject.TestNgMavenExampleTest" time="0.001">
    <system-out><![CDATA[Test one suite param is: TEstTHREE
null
]]></system-out>
  </testcase>
  <testcase name="prameterTestOne[TEstfour](4)" classname="javatestNGProject.TestNgMavenExampleTest" time="0.003">
    <system-out><![CDATA[Test one suite param is: TEstfour
null
]]></system-out>
  </testcase>
  <testcase name="oneMoreTest" classname="javatestNGProject.TestNgMavenExampleTest" time="0.001">
    <system-out><![CDATA[Test Two: This is a test in QA Env
]]></system-out>
  </testcase>
</testsuite>