<?xml version="1.0" encoding="UTF-8"?>
<testng-results ignored="0" total="5" passed="5" failed="0" skipped="0">
  <reporter-output>
  </reporter-output>
  <suite started-at="2021-03-28T22:27:40Z" name="TestNgMavenExampleSuite" finished-at="2021-03-28T22:27:41Z" duration-ms="33">
    <groups>
    </groups>
    <test started-at="2021-03-28T22:27:40Z" name="Parameter Test one" finished-at="2021-03-28T22:27:41Z" duration-ms="33">
      <class name="javatestNGProject.TestNgMavenExampleTest">
        <test-method signature="prameterTestOne(java.lang.String)[pri:0, instance:javatestNGProject.TestNgMavenExampleTest@70b0b186]" started-at="2021-03-28T22:27:41Z" name="prameterTestOne" data-provider="scenarios" finished-at="2021-03-28T22:27:41Z" duration-ms="3" status="PASS">
          <params>
            <param index="0">
              <value>
                <![CDATA[TEstOne]]>
              </value>
            </param>
          </params>
          <reporter-output>
          </reporter-output>
        </test-method> <!-- prameterTestOne -->
        <test-method signature="prameterTestOne(java.lang.String)[pri:0, instance:javatestNGProject.TestNgMavenExampleTest@70b0b186]" started-at="2021-03-28T22:27:41Z" name="prameterTestOne" data-provider="scenarios" finished-at="2021-03-28T22:27:41Z" duration-ms="0" status="PASS">
          <params>
            <param index="0">
              <value>
                <![CDATA[TEstTHREE]]>
              </value>
            </param>
          </params>
          <reporter-output>
          </reporter-output>
        </test-method> <!-- prameterTestOne -->
        <test-method signature="prameterTestOne(java.lang.String)[pri:0, instance:javatestNGProject.TestNgMavenExampleTest@70b0b186]" started-at="2021-03-28T22:27:41Z" name="prameterTestOne" data-provider="scenarios" finished-at="2021-03-28T22:27:41Z" duration-ms="0" status="PASS">
          <params>
            <param index="0">
              <value>
                <![CDATA[TEstTwo]]>
              </value>
            </param>
          </params>
          <reporter-output>
          </reporter-output>
        </test-method> <!-- prameterTestOne -->
        <test-method signature="prameterTestOne(java.lang.String)[pri:0, instance:javatestNGProject.TestNgMavenExampleTest@70b0b186]" started-at="2021-03-28T22:27:41Z" name="prameterTestOne" data-provider="scenarios" finished-at="2021-03-28T22:27:41Z" duration-ms="0" status="PASS">
          <params>
            <param index="0">
              <value>
                <![CDATA[TEstfour]]>
              </value>
            </param>
          </params>
          <reporter-output>
          </reporter-output>
        </test-method> <!-- prameterTestOne -->
        <test-method signature="oneMoreTest()[pri:0, instance:javatestNGProject.TestNgMavenExampleTest@70b0b186]" started-at="2021-03-28T22:27:41Z" name="oneMoreTest" finished-at="2021-03-28T22:27:41Z" duration-ms="0" status="PASS">
          <reporter-output>
          </reporter-output>
        </test-method> <!-- oneMoreTest -->
      </class> <!-- javatestNGProject.TestNgMavenExampleTest -->
    </test> <!-- Parameter Test one -->
  </suite> <!-- TestNgMavenExampleSuite -->
</testng-results>
