<?xml version="1.0" encoding="UTF-8"?>
<!-- Generated by org.testng.reporters.JUnitXMLReporter -->
<testsuite hostname="LAPTOP-4IBB4H2C" ignored="0" name="Parameter Test one" tests="4" failures="0" timestamp="17 Feb 2021 13:42:30 GMT" time="0.033" errors="0">
  <testcase name="prameterTestOne" time="0.003" classname="javatestNGProject.TestNgMavenExampleTest"/>
  <testcase name="prameterTestOne" time="0.001" classname="javatestNGProject.TestNgMavenExampleTest"/>
  <testcase name="prameterTestOne" time="0.001" classname="javatestNGProject.TestNgMavenExampleTest"/>
  <testcase name="prameterTestOne" time="0.001" classname="javatestNGProject.TestNgMavenExampleTest"/>
</testsuite> <!-- Parameter Test one -->
